mode: set
github.com/0xPolygon/heimdall-v2/app/abci.go:25.80,26.104 1 1
github.com/0xPolygon/heimdall-v2/app/abci.go:26.104,29.136 2 1
github.com/0xPolygon/heimdall-v2/app/abci.go:29.136,32.4 2 0
github.com/0xPolygon/heimdall-v2/app/abci.go:34.3,34.180 1 1
github.com/0xPolygon/heimdall-v2/app/abci.go:34.180,36.4 1 0
github.com/0xPolygon/heimdall-v2/app/abci.go:39.3,41.17 3 1
github.com/0xPolygon/heimdall-v2/app/abci.go:41.17,44.4 2 0
github.com/0xPolygon/heimdall-v2/app/abci.go:45.3,49.38 3 1
github.com/0xPolygon/heimdall-v2/app/abci.go:49.38,52.58 1 1
github.com/0xPolygon/heimdall-v2/app/abci.go:52.58,53.13 1 0
github.com/0xPolygon/heimdall-v2/app/abci.go:56.4,57.18 2 1
github.com/0xPolygon/heimdall-v2/app/abci.go:57.18,59.5 1 0
github.com/0xPolygon/heimdall-v2/app/abci.go:62.4,62.56 1 1
github.com/0xPolygon/heimdall-v2/app/abci.go:62.56,63.13 1 0
github.com/0xPolygon/heimdall-v2/app/abci.go:67.4,68.18 2 1
github.com/0xPolygon/heimdall-v2/app/abci.go:68.18,70.13 2 1
github.com/0xPolygon/heimdall-v2/app/abci.go:73.4,74.33 2 0
github.com/0xPolygon/heimdall-v2/app/abci.go:78.3,78.19 1 1
github.com/0xPolygon/heimdall-v2/app/abci.go:78.19,81.4 2 0
github.com/0xPolygon/heimdall-v2/app/abci.go:83.3,83.54 1 1
github.com/0xPolygon/heimdall-v2/app/abci.go:89.80,90.104 1 1
github.com/0xPolygon/heimdall-v2/app/abci.go:90.104,94.23 2 1
github.com/0xPolygon/heimdall-v2/app/abci.go:94.23,97.4 2 1
github.com/0xPolygon/heimdall-v2/app/abci.go:100.3,102.67 3 1
github.com/0xPolygon/heimdall-v2/app/abci.go:102.67,105.4 2 1
github.com/0xPolygon/heimdall-v2/app/abci.go:107.3,107.58 1 1
github.com/0xPolygon/heimdall-v2/app/abci.go:107.58,110.4 2 1
github.com/0xPolygon/heimdall-v2/app/abci.go:113.3,113.133 1 1
github.com/0xPolygon/heimdall-v2/app/abci.go:113.133,116.4 2 0
github.com/0xPolygon/heimdall-v2/app/abci.go:118.3,118.174 1 1
github.com/0xPolygon/heimdall-v2/app/abci.go:118.174,120.52 1 0
github.com/0xPolygon/heimdall-v2/app/abci.go:120.52,122.5 1 0
github.com/0xPolygon/heimdall-v2/app/abci.go:122.10,124.5 1 0
github.com/0xPolygon/heimdall-v2/app/abci.go:125.4,125.90 1 0
github.com/0xPolygon/heimdall-v2/app/abci.go:128.3,128.34 1 1
github.com/0xPolygon/heimdall-v2/app/abci.go:128.34,131.18 2 1
github.com/0xPolygon/heimdall-v2/app/abci.go:131.18,134.5 2 1
github.com/0xPolygon/heimdall-v2/app/abci.go:137.4,137.57 1 0
github.com/0xPolygon/heimdall-v2/app/abci.go:137.57,139.5 1 0
github.com/0xPolygon/heimdall-v2/app/abci.go:142.4,143.18 2 0
github.com/0xPolygon/heimdall-v2/app/abci.go:143.18,147.5 2 0
github.com/0xPolygon/heimdall-v2/app/abci.go:150.3,150.89 1 1
github.com/0xPolygon/heimdall-v2/app/abci.go:155.67,156.94 1 1
github.com/0xPolygon/heimdall-v2/app/abci.go:156.94,161.72 3 1
github.com/0xPolygon/heimdall-v2/app/abci.go:161.72,163.4 1 0
github.com/0xPolygon/heimdall-v2/app/abci.go:166.3,173.53 4 1
github.com/0xPolygon/heimdall-v2/app/abci.go:173.53,177.4 2 1
github.com/0xPolygon/heimdall-v2/app/abci.go:179.3,180.17 2 1
github.com/0xPolygon/heimdall-v2/app/abci.go:180.17,183.4 2 0
github.com/0xPolygon/heimdall-v2/app/abci.go:185.3,190.29 3 1
github.com/0xPolygon/heimdall-v2/app/abci.go:190.29,194.18 3 1
github.com/0xPolygon/heimdall-v2/app/abci.go:194.18,197.5 1 1
github.com/0xPolygon/heimdall-v2/app/abci.go:201.4,202.33 2 0
github.com/0xPolygon/heimdall-v2/app/abci.go:202.33,205.27 2 0
github.com/0xPolygon/heimdall-v2/app/abci.go:205.27,207.14 2 0
github.com/0xPolygon/heimdall-v2/app/abci.go:211.5,213.77 2 0
github.com/0xPolygon/heimdall-v2/app/abci.go:213.77,215.13 2 0
github.com/0xPolygon/heimdall-v2/app/abci.go:215.13,217.15 2 0
github.com/0xPolygon/heimdall-v2/app/abci.go:220.6,220.76 1 0
github.com/0xPolygon/heimdall-v2/app/abci.go:224.5,230.38 4 0
github.com/0xPolygon/heimdall-v2/app/abci.go:234.3,242.17 3 1
github.com/0xPolygon/heimdall-v2/app/abci.go:242.17,245.4 1 0
github.com/0xPolygon/heimdall-v2/app/abci.go:245.9,245.34 1 1
github.com/0xPolygon/heimdall-v2/app/abci.go:245.34,246.111 1 1
github.com/0xPolygon/heimdall-v2/app/abci.go:246.111,249.5 1 0
github.com/0xPolygon/heimdall-v2/app/abci.go:249.10,252.5 2 1
github.com/0xPolygon/heimdall-v2/app/abci.go:255.3,256.17 2 1
github.com/0xPolygon/heimdall-v2/app/abci.go:256.17,259.4 2 0
github.com/0xPolygon/heimdall-v2/app/abci.go:261.3,262.28 1 1
github.com/0xPolygon/heimdall-v2/app/abci.go:262.28,264.4 1 0
github.com/0xPolygon/heimdall-v2/app/abci.go:266.3,266.88 1 1
github.com/0xPolygon/heimdall-v2/app/abci.go:271.85,272.112 1 1
github.com/0xPolygon/heimdall-v2/app/abci.go:272.112,277.72 3 1
github.com/0xPolygon/heimdall-v2/app/abci.go:277.72,279.4 1 0
github.com/0xPolygon/heimdall-v2/app/abci.go:281.3,283.17 3 1
github.com/0xPolygon/heimdall-v2/app/abci.go:283.17,285.4 1 0
github.com/0xPolygon/heimdall-v2/app/abci.go:287.3,288.76 2 1
github.com/0xPolygon/heimdall-v2/app/abci.go:288.76,291.4 2 0
github.com/0xPolygon/heimdall-v2/app/abci.go:294.3,294.41 1 1
github.com/0xPolygon/heimdall-v2/app/abci.go:294.41,297.4 2 0
github.com/0xPolygon/heimdall-v2/app/abci.go:299.3,299.54 1 1
github.com/0xPolygon/heimdall-v2/app/abci.go:299.54,302.4 2 0
github.com/0xPolygon/heimdall-v2/app/abci.go:305.3,306.17 2 1
github.com/0xPolygon/heimdall-v2/app/abci.go:306.17,309.4 2 0
github.com/0xPolygon/heimdall-v2/app/abci.go:311.3,311.151 1 1
github.com/0xPolygon/heimdall-v2/app/abci.go:311.151,313.4 1 0
github.com/0xPolygon/heimdall-v2/app/abci.go:315.3,315.131 1 1
github.com/0xPolygon/heimdall-v2/app/abci.go:315.131,318.4 2 0
github.com/0xPolygon/heimdall-v2/app/abci.go:320.3,320.97 1 1
github.com/0xPolygon/heimdall-v2/app/abci.go:325.116,328.73 2 1
github.com/0xPolygon/heimdall-v2/app/abci.go:328.73,330.3 1 0
github.com/0xPolygon/heimdall-v2/app/abci.go:333.2,336.23 2 1
github.com/0xPolygon/heimdall-v2/app/abci.go:336.23,339.3 2 0
github.com/0xPolygon/heimdall-v2/app/abci.go:341.2,342.52 2 1
github.com/0xPolygon/heimdall-v2/app/abci.go:342.52,345.3 2 0
github.com/0xPolygon/heimdall-v2/app/abci.go:347.2,349.59 2 1
github.com/0xPolygon/heimdall-v2/app/abci.go:349.59,350.28 1 0
github.com/0xPolygon/heimdall-v2/app/abci.go:350.28,353.4 2 0
github.com/0xPolygon/heimdall-v2/app/abci.go:354.3,354.41 1 0
github.com/0xPolygon/heimdall-v2/app/abci.go:358.2,359.16 2 1
github.com/0xPolygon/heimdall-v2/app/abci.go:359.16,362.3 2 0
github.com/0xPolygon/heimdall-v2/app/abci.go:364.2,365.16 2 1
github.com/0xPolygon/heimdall-v2/app/abci.go:365.16,368.3 2 0
github.com/0xPolygon/heimdall-v2/app/abci.go:370.2,371.16 2 1
github.com/0xPolygon/heimdall-v2/app/abci.go:371.16,374.3 2 0
github.com/0xPolygon/heimdall-v2/app/abci.go:376.2,377.16 2 1
github.com/0xPolygon/heimdall-v2/app/abci.go:377.16,380.3 2 0
github.com/0xPolygon/heimdall-v2/app/abci.go:382.2,384.18 3 1
github.com/0xPolygon/heimdall-v2/app/abci.go:384.18,386.17 2 0
github.com/0xPolygon/heimdall-v2/app/abci.go:386.17,389.4 2 0
github.com/0xPolygon/heimdall-v2/app/abci.go:390.3,391.35 2 0
github.com/0xPolygon/heimdall-v2/app/abci.go:394.2,401.16 2 1
github.com/0xPolygon/heimdall-v2/app/abci.go:401.16,404.3 2 0
github.com/0xPolygon/heimdall-v2/app/abci.go:406.2,407.30 2 1
github.com/0xPolygon/heimdall-v2/app/abci.go:407.30,408.114 1 0
github.com/0xPolygon/heimdall-v2/app/abci.go:408.114,411.4 1 0
github.com/0xPolygon/heimdall-v2/app/abci.go:411.9,413.4 1 0
github.com/0xPolygon/heimdall-v2/app/abci.go:416.2,416.22 1 1
github.com/0xPolygon/heimdall-v2/app/abci.go:416.22,418.17 2 0
github.com/0xPolygon/heimdall-v2/app/abci.go:418.17,421.4 2 0
github.com/0xPolygon/heimdall-v2/app/abci.go:423.3,440.18 3 0
github.com/0xPolygon/heimdall-v2/app/abci.go:440.18,443.4 2 0
github.com/0xPolygon/heimdall-v2/app/abci.go:445.3,445.18 1 0
github.com/0xPolygon/heimdall-v2/app/abci.go:449.2,450.16 2 1
github.com/0xPolygon/heimdall-v2/app/abci.go:450.16,453.3 2 0
github.com/0xPolygon/heimdall-v2/app/abci.go:455.2,456.33 2 1
github.com/0xPolygon/heimdall-v2/app/abci.go:456.33,458.3 1 1
github.com/0xPolygon/heimdall-v2/app/abci.go:460.2,463.16 3 1
github.com/0xPolygon/heimdall-v2/app/abci.go:463.16,466.3 2 0
github.com/0xPolygon/heimdall-v2/app/abci.go:468.2,469.38 2 1
github.com/0xPolygon/heimdall-v2/app/abci.go:469.38,471.99 2 0
github.com/0xPolygon/heimdall-v2/app/abci.go:471.99,474.4 2 0
github.com/0xPolygon/heimdall-v2/app/abci.go:475.3,475.87 1 0
github.com/0xPolygon/heimdall-v2/app/abci.go:475.87,478.4 2 0
github.com/0xPolygon/heimdall-v2/app/abci.go:482.2,482.28 1 1
github.com/0xPolygon/heimdall-v2/app/abci.go:482.28,484.17 2 0
github.com/0xPolygon/heimdall-v2/app/abci.go:484.17,487.4 2 0
github.com/0xPolygon/heimdall-v2/app/abci.go:489.3,491.55 2 0
github.com/0xPolygon/heimdall-v2/app/abci.go:491.55,496.29 3 0
github.com/0xPolygon/heimdall-v2/app/abci.go:496.29,498.27 2 0
github.com/0xPolygon/heimdall-v2/app/abci.go:498.27,503.84 3 0
github.com/0xPolygon/heimdall-v2/app/abci.go:503.84,505.7 1 0
github.com/0xPolygon/heimdall-v2/app/abci.go:507.6,507.28 1 0
github.com/0xPolygon/heimdall-v2/app/abci.go:511.5,511.33 1 0
github.com/0xPolygon/heimdall-v2/app/abci.go:511.33,512.11 1 0
github.com/0xPolygon/heimdall-v2/app/abci.go:519.2,519.40 1 1
github.com/0xPolygon/heimdall-v2/app/ante.go:21.70,22.34 1 1
github.com/0xPolygon/heimdall-v2/app/ante.go:22.34,24.3 1 0
github.com/0xPolygon/heimdall-v2/app/ante.go:26.2,26.31 1 1
github.com/0xPolygon/heimdall-v2/app/ante.go:26.31,28.3 1 0
github.com/0xPolygon/heimdall-v2/app/ante.go:30.2,30.36 1 1
github.com/0xPolygon/heimdall-v2/app/ante.go:30.36,32.3 1 0
github.com/0xPolygon/heimdall-v2/app/ante.go:34.2,50.56 2 1
github.com/0xPolygon/heimdall-v2/app/app.go:148.13,150.16 2 1
github.com/0xPolygon/heimdall-v2/app/app.go:150.16,151.13 1 0
github.com/0xPolygon/heimdall-v2/app/app.go:154.2,154.67 1 1
github.com/0xPolygon/heimdall-v2/app/app.go:164.16,172.16 2 1
github.com/0xPolygon/heimdall-v2/app/app.go:172.16,173.13 1 0
github.com/0xPolygon/heimdall-v2/app/app.go:176.2,205.70 12 1
github.com/0xPolygon/heimdall-v2/app/app.go:205.70,206.13 1 0
github.com/0xPolygon/heimdall-v2/app/app.go:209.2,223.16 4 1
github.com/0xPolygon/heimdall-v2/app/app.go:223.16,224.13 1 0
github.com/0xPolygon/heimdall-v2/app/app.go:227.2,410.16 40 1
github.com/0xPolygon/heimdall-v2/app/app.go:410.16,411.13 1 0
github.com/0xPolygon/heimdall-v2/app/app.go:414.2,417.16 3 1
github.com/0xPolygon/heimdall-v2/app/app.go:417.16,418.13 1 0
github.com/0xPolygon/heimdall-v2/app/app.go:420.2,436.16 11 1
github.com/0xPolygon/heimdall-v2/app/app.go:436.16,437.13 1 0
github.com/0xPolygon/heimdall-v2/app/app.go:439.2,440.16 2 1
github.com/0xPolygon/heimdall-v2/app/app.go:440.16,444.17 2 0
github.com/0xPolygon/heimdall-v2/app/app.go:444.17,446.4 1 0
github.com/0xPolygon/heimdall-v2/app/app.go:449.2,449.16 1 1
github.com/0xPolygon/heimdall-v2/app/app.go:449.16,450.49 1 1
github.com/0xPolygon/heimdall-v2/app/app.go:450.49,451.60 1 0
github.com/0xPolygon/heimdall-v2/app/app.go:455.2,455.12 1 1
github.com/0xPolygon/heimdall-v2/app/app.go:458.107,470.16 2 1
github.com/0xPolygon/heimdall-v2/app/app.go:470.16,471.13 1 0
github.com/0xPolygon/heimdall-v2/app/app.go:475.2,475.33 1 1
github.com/0xPolygon/heimdall-v2/app/app.go:478.42,482.16 2 1
github.com/0xPolygon/heimdall-v2/app/app.go:482.16,483.13 1 0
github.com/0xPolygon/heimdall-v2/app/app.go:486.2,486.33 1 1
github.com/0xPolygon/heimdall-v2/app/app.go:489.39,489.68 1 0
github.com/0xPolygon/heimdall-v2/app/app.go:492.115,494.73 2 1
github.com/0xPolygon/heimdall-v2/app/app.go:494.73,495.13 1 0
github.com/0xPolygon/heimdall-v2/app/app.go:499.2,499.101 1 1
github.com/0xPolygon/heimdall-v2/app/app.go:499.101,500.13 1 1
github.com/0xPolygon/heimdall-v2/app/app.go:504.2,516.104 7 1
github.com/0xPolygon/heimdall-v2/app/app.go:516.104,517.87 1 0
github.com/0xPolygon/heimdall-v2/app/app.go:521.2,521.92 1 1
github.com/0xPolygon/heimdall-v2/app/app.go:521.92,523.3 1 0
github.com/0xPolygon/heimdall-v2/app/app.go:525.2,526.27 2 1
github.com/0xPolygon/heimdall-v2/app/app.go:526.27,527.82 1 0
github.com/0xPolygon/heimdall-v2/app/app.go:530.2,537.52 4 1
github.com/0xPolygon/heimdall-v2/app/app.go:537.52,538.61 1 1
github.com/0xPolygon/heimdall-v2/app/app.go:538.61,540.18 2 1
github.com/0xPolygon/heimdall-v2/app/app.go:540.18,541.15 1 0
github.com/0xPolygon/heimdall-v2/app/app.go:545.4,550.46 2 1
github.com/0xPolygon/heimdall-v2/app/app.go:556.2,558.8 1 1
github.com/0xPolygon/heimdall-v2/app/app.go:562.79,563.65 1 1
github.com/0xPolygon/heimdall-v2/app/app.go:563.65,565.17 2 0
github.com/0xPolygon/heimdall-v2/app/app.go:565.17,568.4 2 0
github.com/0xPolygon/heimdall-v2/app/app.go:569.3,570.17 2 0
github.com/0xPolygon/heimdall-v2/app/app.go:570.17,573.4 2 0
github.com/0xPolygon/heimdall-v2/app/app.go:576.2,576.42 1 1
github.com/0xPolygon/heimdall-v2/app/app.go:580.75,582.65 1 1
github.com/0xPolygon/heimdall-v2/app/app.go:582.65,585.29 3 0
github.com/0xPolygon/heimdall-v2/app/app.go:585.29,587.120 2 0
github.com/0xPolygon/heimdall-v2/app/app.go:587.120,589.5 1 0
github.com/0xPolygon/heimdall-v2/app/app.go:592.3,593.17 2 0
github.com/0xPolygon/heimdall-v2/app/app.go:593.17,595.4 1 0
github.com/0xPolygon/heimdall-v2/app/app.go:598.2,598.40 1 1
github.com/0xPolygon/heimdall-v2/app/app.go:601.56,603.2 1 0
github.com/0xPolygon/heimdall-v2/app/app.go:605.62,607.29 2 1
github.com/0xPolygon/heimdall-v2/app/app.go:607.29,609.3 1 1
github.com/0xPolygon/heimdall-v2/app/app.go:611.2,611.20 1 1
github.com/0xPolygon/heimdall-v2/app/app.go:614.58,616.2 1 0
github.com/0xPolygon/heimdall-v2/app/app.go:618.48,620.2 1 1
github.com/0xPolygon/heimdall-v2/app/app.go:622.69,624.2 1 0
github.com/0xPolygon/heimdall-v2/app/app.go:626.55,628.2 1 0
github.com/0xPolygon/heimdall-v2/app/app.go:631.58,633.46 2 0
github.com/0xPolygon/heimdall-v2/app/app.go:633.46,634.51 1 0
github.com/0xPolygon/heimdall-v2/app/app.go:634.51,636.65 2 0
github.com/0xPolygon/heimdall-v2/app/app.go:636.65,638.5 1 0
github.com/0xPolygon/heimdall-v2/app/app.go:642.2,648.3 1 0
github.com/0xPolygon/heimdall-v2/app/app.go:652.69,654.2 1 1
github.com/0xPolygon/heimdall-v2/app/app.go:659.72,661.2 1 1
github.com/0xPolygon/heimdall-v2/app/app.go:666.80,668.2 1 0
github.com/0xPolygon/heimdall-v2/app/app.go:671.62,673.31 2 0
github.com/0xPolygon/heimdall-v2/app/app.go:673.31,675.3 1 0
github.com/0xPolygon/heimdall-v2/app/app.go:677.2,677.13 1 0
github.com/0xPolygon/heimdall-v2/app/app.go:681.71,683.2 1 0
github.com/0xPolygon/heimdall-v2/app/app.go:685.91,700.95 6 0
github.com/0xPolygon/heimdall-v2/app/app.go:700.95,701.13 1 0
github.com/0xPolygon/heimdall-v2/app/app.go:705.69,707.2 1 0
github.com/0xPolygon/heimdall-v2/app/app.go:710.77,718.2 2 0
github.com/0xPolygon/heimdall-v2/app/app.go:720.90,722.2 1 0
github.com/0xPolygon/heimdall-v2/app/app.go:724.88,725.2 0 0
github.com/0xPolygon/heimdall-v2/app/app.go:727.85,728.2 0 0
github.com/0xPolygon/heimdall-v2/app/app.go:730.55,732.2 1 0
github.com/0xPolygon/heimdall-v2/app/app.go:734.81,735.47 1 1
github.com/0xPolygon/heimdall-v2/app/app.go:735.47,736.63 1 1
github.com/0xPolygon/heimdall-v2/app/app.go:736.63,738.4 1 1
github.com/0xPolygon/heimdall-v2/app/app.go:744.53,746.2 1 0
github.com/0xPolygon/heimdall-v2/app/app.go:751.77,754.2 2 1
github.com/0xPolygon/heimdall-v2/app/app.go:756.79,758.2 1 0
github.com/0xPolygon/heimdall-v2/app/app.go:762.99,767.2 3 1
github.com/0xPolygon/heimdall-v2/app/app.go:770.41,772.30 2 1
github.com/0xPolygon/heimdall-v2/app/app.go:772.30,774.3 1 1
github.com/0xPolygon/heimdall-v2/app/app.go:776.2,776.21 1 1
github.com/0xPolygon/heimdall-v2/app/app.go:779.96,783.2 3 1
github.com/0xPolygon/heimdall-v2/app/app.go:786.138,801.2 12 1
github.com/0xPolygon/heimdall-v2/app/app.go:803.95,804.21 1 0
github.com/0xPolygon/heimdall-v2/app/app.go:804.21,806.3 1 0
github.com/0xPolygon/heimdall-v2/app/app.go:808.2,809.16 2 0
github.com/0xPolygon/heimdall-v2/app/app.go:809.16,811.3 1 0
github.com/0xPolygon/heimdall-v2/app/app.go:813.2,817.76 3 0
github.com/0xPolygon/heimdall-v2/app/app.go:817.76,818.13 1 0
github.com/0xPolygon/heimdall-v2/app/app.go:821.2,821.12 1 0
github.com/0xPolygon/heimdall-v2/app/export.go:18.36,26.16 4 1
github.com/0xPolygon/heimdall-v2/app/export.go:26.16,28.3 1 0
github.com/0xPolygon/heimdall-v2/app/export.go:29.2,30.16 2 1
github.com/0xPolygon/heimdall-v2/app/export.go:30.16,32.3 1 0
github.com/0xPolygon/heimdall-v2/app/export.go:34.2,40.8 2 1
github.com/0xPolygon/heimdall-v2/app/test_utils.go:50.62,65.2 4 1
github.com/0xPolygon/heimdall-v2/app/test_utils.go:67.153,76.27 7 1
github.com/0xPolygon/heimdall-v2/app/test_utils.go:76.27,80.17 4 1
github.com/0xPolygon/heimdall-v2/app/test_utils.go:80.17,82.4 1 0
github.com/0xPolygon/heimdall-v2/app/test_utils.go:85.3,98.39 8 1
github.com/0xPolygon/heimdall-v2/app/test_utils.go:101.2,101.58 1 1
github.com/0xPolygon/heimdall-v2/app/test_utils.go:104.277,132.45 14 1
github.com/0xPolygon/heimdall-v2/app/test_utils.go:132.45,134.3 1 0
github.com/0xPolygon/heimdall-v2/app/test_utils.go:136.2,140.33 4 1
github.com/0xPolygon/heimdall-v2/app/test_utils.go:140.33,142.3 1 1
github.com/0xPolygon/heimdall-v2/app/test_utils.go:144.2,149.43 4 1
github.com/0xPolygon/heimdall-v2/app/test_utils.go:152.73,156.2 3 0
github.com/0xPolygon/heimdall-v2/app/test_utils.go:158.108,172.39 9 1
github.com/0xPolygon/heimdall-v2/app/test_utils.go:172.39,182.3 1 1
github.com/0xPolygon/heimdall-v2/app/test_utils.go:183.2,189.25 4 1
github.com/0xPolygon/heimdall-v2/app/test_utils.go:192.123,205.2 9 0
github.com/0xPolygon/heimdall-v2/app/test_utils.go:207.93,210.30 3 1
github.com/0xPolygon/heimdall-v2/app/test_utils.go:210.30,212.3 1 1
github.com/0xPolygon/heimdall-v2/app/test_utils.go:214.2,221.22 4 1
github.com/0xPolygon/heimdall-v2/app/test_utils.go:224.92,226.34 2 1
github.com/0xPolygon/heimdall-v2/app/test_utils.go:226.34,231.3 1 1
github.com/0xPolygon/heimdall-v2/app/test_utils.go:232.2,232.18 1 1
github.com/0xPolygon/heimdall-v2/app/test_utils.go:236.225,244.40 5 1
github.com/0xPolygon/heimdall-v2/app/test_utils.go:244.40,261.17 4 1
github.com/0xPolygon/heimdall-v2/app/test_utils.go:261.17,263.4 1 0
github.com/0xPolygon/heimdall-v2/app/test_utils.go:265.3,265.48 1 1
github.com/0xPolygon/heimdall-v2/app/test_utils.go:269.2,273.29 4 1
github.com/0xPolygon/heimdall-v2/app/test_utils.go:273.29,276.3 1 1
github.com/0xPolygon/heimdall-v2/app/test_utils.go:279.2,282.26 3 1
github.com/0xPolygon/heimdall-v2/app/vote_ext_utils.go:36.156,38.72 1 1
github.com/0xPolygon/heimdall-v2/app/vote_ext_utils.go:38.72,40.3 1 1
github.com/0xPolygon/heimdall-v2/app/vote_ext_utils.go:43.2,43.58 1 1
github.com/0xPolygon/heimdall-v2/app/vote_ext_utils.go:43.58,44.28 1 0
github.com/0xPolygon/heimdall-v2/app/vote_ext_utils.go:44.28,46.4 1 0
github.com/0xPolygon/heimdall-v2/app/vote_ext_utils.go:47.3,47.13 1 0
github.com/0xPolygon/heimdall-v2/app/vote_ext_utils.go:51.2,52.16 2 1
github.com/0xPolygon/heimdall-v2/app/vote_ext_utils.go:52.16,54.3 1 0
github.com/0xPolygon/heimdall-v2/app/vote_ext_utils.go:56.2,64.35 5 1
github.com/0xPolygon/heimdall-v2/app/vote_ext_utils.go:64.35,67.44 1 1
github.com/0xPolygon/heimdall-v2/app/vote_ext_utils.go:67.44,69.4 1 0
github.com/0xPolygon/heimdall-v2/app/vote_ext_utils.go:71.3,71.53 1 1
github.com/0xPolygon/heimdall-v2/app/vote_ext_utils.go:71.53,72.12 1 0
github.com/0xPolygon/heimdall-v2/app/vote_ext_utils.go:75.3,76.17 2 1
github.com/0xPolygon/heimdall-v2/app/vote_ext_utils.go:76.17,78.4 1 0
github.com/0xPolygon/heimdall-v2/app/vote_ext_utils.go:80.3,80.40 1 1
github.com/0xPolygon/heimdall-v2/app/vote_ext_utils.go:80.40,82.4 1 0
github.com/0xPolygon/heimdall-v2/app/vote_ext_utils.go:84.3,85.68 2 1
github.com/0xPolygon/heimdall-v2/app/vote_ext_utils.go:85.68,87.4 1 0
github.com/0xPolygon/heimdall-v2/app/vote_ext_utils.go:89.3,89.42 1 1
github.com/0xPolygon/heimdall-v2/app/vote_ext_utils.go:89.42,91.4 1 0
github.com/0xPolygon/heimdall-v2/app/vote_ext_utils.go:93.3,94.17 2 1
github.com/0xPolygon/heimdall-v2/app/vote_ext_utils.go:94.17,96.4 1 0
github.com/0xPolygon/heimdall-v2/app/vote_ext_utils.go:99.3,99.52 1 1
github.com/0xPolygon/heimdall-v2/app/vote_ext_utils.go:99.52,101.4 1 0
github.com/0xPolygon/heimdall-v2/app/vote_ext_utils.go:103.3,106.23 3 1
github.com/0xPolygon/heimdall-v2/app/vote_ext_utils.go:106.23,108.4 1 0
github.com/0xPolygon/heimdall-v2/app/vote_ext_utils.go:110.3,111.17 2 1
github.com/0xPolygon/heimdall-v2/app/vote_ext_utils.go:111.17,113.4 1 0
github.com/0xPolygon/heimdall-v2/app/vote_ext_utils.go:115.3,122.65 2 1
github.com/0xPolygon/heimdall-v2/app/vote_ext_utils.go:122.65,124.76 2 1
github.com/0xPolygon/heimdall-v2/app/vote_ext_utils.go:124.76,126.5 1 0
github.com/0xPolygon/heimdall-v2/app/vote_ext_utils.go:128.4,128.27 1 1
github.com/0xPolygon/heimdall-v2/app/vote_ext_utils.go:131.3,132.17 2 1
github.com/0xPolygon/heimdall-v2/app/vote_ext_utils.go:132.17,134.4 1 0
github.com/0xPolygon/heimdall-v2/app/vote_ext_utils.go:136.3,136.72 1 1
github.com/0xPolygon/heimdall-v2/app/vote_ext_utils.go:136.72,138.4 1 0
github.com/0xPolygon/heimdall-v2/app/vote_ext_utils.go:140.3,140.33 1 1
github.com/0xPolygon/heimdall-v2/app/vote_ext_utils.go:144.2,145.25 2 1
github.com/0xPolygon/heimdall-v2/app/vote_ext_utils.go:145.25,147.3 1 0
github.com/0xPolygon/heimdall-v2/app/vote_ext_utils.go:149.2,149.12 1 1
github.com/0xPolygon/heimdall-v2/app/vote_ext_utils.go:154.161,158.16 3 1
github.com/0xPolygon/heimdall-v2/app/vote_ext_utils.go:158.16,160.3 1 1
github.com/0xPolygon/heimdall-v2/app/vote_ext_utils.go:163.2,164.35 2 1
github.com/0xPolygon/heimdall-v2/app/vote_ext_utils.go:164.35,166.3 1 1
github.com/0xPolygon/heimdall-v2/app/vote_ext_utils.go:168.2,174.36 4 1
github.com/0xPolygon/heimdall-v2/app/vote_ext_utils.go:174.36,180.31 3 1
github.com/0xPolygon/heimdall-v2/app/vote_ext_utils.go:180.31,183.4 2 1
github.com/0xPolygon/heimdall-v2/app/vote_ext_utils.go:185.3,185.50 1 1
github.com/0xPolygon/heimdall-v2/app/vote_ext_utils.go:185.50,191.4 2 1
github.com/0xPolygon/heimdall-v2/app/vote_ext_utils.go:191.9,191.56 1 1
github.com/0xPolygon/heimdall-v2/app/vote_ext_utils.go:191.56,197.4 2 1
github.com/0xPolygon/heimdall-v2/app/vote_ext_utils.go:197.9,203.4 2 1
github.com/0xPolygon/heimdall-v2/app/vote_ext_utils.go:206.2,209.50 2 1
github.com/0xPolygon/heimdall-v2/app/vote_ext_utils.go:213.146,218.35 4 1
github.com/0xPolygon/heimdall-v2/app/vote_ext_utils.go:218.35,220.44 1 1
github.com/0xPolygon/heimdall-v2/app/vote_ext_utils.go:220.44,222.4 1 0
github.com/0xPolygon/heimdall-v2/app/vote_ext_utils.go:224.3,224.53 1 1
github.com/0xPolygon/heimdall-v2/app/vote_ext_utils.go:224.53,225.12 1 0
github.com/0xPolygon/heimdall-v2/app/vote_ext_utils.go:228.3,230.17 3 1
github.com/0xPolygon/heimdall-v2/app/vote_ext_utils.go:230.17,232.4 1 0
github.com/0xPolygon/heimdall-v2/app/vote_ext_utils.go:234.3,234.35 1 1
github.com/0xPolygon/heimdall-v2/app/vote_ext_utils.go:234.35,236.4 1 0
github.com/0xPolygon/heimdall-v2/app/vote_ext_utils.go:239.3,239.23 1 1
github.com/0xPolygon/heimdall-v2/app/vote_ext_utils.go:239.23,242.4 1 1
github.com/0xPolygon/heimdall-v2/app/vote_ext_utils.go:242.9,245.18 3 0
github.com/0xPolygon/heimdall-v2/app/vote_ext_utils.go:245.18,247.5 1 0
github.com/0xPolygon/heimdall-v2/app/vote_ext_utils.go:249.4,249.45 1 0
github.com/0xPolygon/heimdall-v2/app/vote_ext_utils.go:249.45,255.5 2 0
github.com/0xPolygon/heimdall-v2/app/vote_ext_utils.go:258.3,259.17 2 1
github.com/0xPolygon/heimdall-v2/app/vote_ext_utils.go:259.17,261.4 1 0
github.com/0xPolygon/heimdall-v2/app/vote_ext_utils.go:263.3,263.36 1 1
github.com/0xPolygon/heimdall-v2/app/vote_ext_utils.go:263.36,265.4 1 1
github.com/0xPolygon/heimdall-v2/app/vote_ext_utils.go:266.3,269.42 2 1
github.com/0xPolygon/heimdall-v2/app/vote_ext_utils.go:269.42,272.66 2 1
github.com/0xPolygon/heimdall-v2/app/vote_ext_utils.go:272.66,276.5 2 0
github.com/0xPolygon/heimdall-v2/app/vote_ext_utils.go:278.4,278.32 1 1
github.com/0xPolygon/heimdall-v2/app/vote_ext_utils.go:278.32,280.5 1 0
github.com/0xPolygon/heimdall-v2/app/vote_ext_utils.go:282.4,282.38 1 1
github.com/0xPolygon/heimdall-v2/app/vote_ext_utils.go:282.38,284.5 1 1
github.com/0xPolygon/heimdall-v2/app/vote_ext_utils.go:286.4,289.50 2 1
github.com/0xPolygon/heimdall-v2/app/vote_ext_utils.go:294.2,294.26 1 1
github.com/0xPolygon/heimdall-v2/app/vote_ext_utils.go:298.88,302.38 2 1
github.com/0xPolygon/heimdall-v2/app/vote_ext_utils.go:302.38,304.43 1 1
github.com/0xPolygon/heimdall-v2/app/vote_ext_utils.go:304.43,306.4 1 0
github.com/0xPolygon/heimdall-v2/app/vote_ext_utils.go:308.3,308.31 1 1
github.com/0xPolygon/heimdall-v2/app/vote_ext_utils.go:308.31,310.4 1 0
github.com/0xPolygon/heimdall-v2/app/vote_ext_utils.go:313.3,313.55 1 1
github.com/0xPolygon/heimdall-v2/app/vote_ext_utils.go:313.55,315.4 1 1
github.com/0xPolygon/heimdall-v2/app/vote_ext_utils.go:317.3,317.45 1 1
github.com/0xPolygon/heimdall-v2/app/vote_ext_utils.go:320.2,320.17 1 1
github.com/0xPolygon/heimdall-v2/app/vote_ext_utils.go:326.73,329.37 2 1
github.com/0xPolygon/heimdall-v2/app/vote_ext_utils.go:329.37,331.3 1 1
github.com/0xPolygon/heimdall-v2/app/vote_ext_utils.go:332.2,332.41 1 1
github.com/0xPolygon/heimdall-v2/app/vote_ext_utils.go:332.41,334.3 1 1
github.com/0xPolygon/heimdall-v2/app/vote_ext_utils.go:335.2,335.12 1 1
github.com/0xPolygon/heimdall-v2/app/vote_ext_utils.go:338.39,340.2 1 1
github.com/0xPolygon/heimdall-v2/app/vote_ext_utils.go:342.57,344.2 1 1
github.com/0xPolygon/heimdall-v2/app/vote_ext_utils.go:347.64,350.2 2 1
github.com/0xPolygon/heimdall-v2/app/vote_ext_utils.go:353.79,357.16 3 1
github.com/0xPolygon/heimdall-v2/app/vote_ext_utils.go:357.16,359.3 1 0
github.com/0xPolygon/heimdall-v2/app/vote_ext_utils.go:360.2,360.50 1 1
github.com/0xPolygon/heimdall-v2/app/vote_ext_utils.go:360.50,362.3 1 0
github.com/0xPolygon/heimdall-v2/app/vote_ext_utils.go:363.2,363.43 1 1
github.com/0xPolygon/heimdall-v2/app/vote_ext_utils.go:363.43,365.3 1 0
github.com/0xPolygon/heimdall-v2/app/vote_ext_utils.go:367.2,367.69 1 1
github.com/0xPolygon/heimdall-v2/app/vote_ext_utils.go:367.69,369.3 1 0
github.com/0xPolygon/heimdall-v2/app/vote_ext_utils.go:370.2,370.43 1 1
github.com/0xPolygon/heimdall-v2/app/vote_ext_utils.go:370.43,372.3 1 0
github.com/0xPolygon/heimdall-v2/app/vote_ext_utils.go:374.2,375.16 2 1
github.com/0xPolygon/heimdall-v2/app/vote_ext_utils.go:375.16,377.3 1 0
github.com/0xPolygon/heimdall-v2/app/vote_ext_utils.go:378.2,378.34 1 1
github.com/0xPolygon/heimdall-v2/app/vote_ext_utils.go:378.34,380.3 1 0
github.com/0xPolygon/heimdall-v2/app/vote_ext_utils.go:382.2,382.25 1 1
github.com/0xPolygon/heimdall-v2/app/vote_ext_utils.go:395.9,396.55 1 1
github.com/0xPolygon/heimdall-v2/app/vote_ext_utils.go:396.55,398.3 1 0
github.com/0xPolygon/heimdall-v2/app/vote_ext_utils.go:401.2,402.16 2 1
github.com/0xPolygon/heimdall-v2/app/vote_ext_utils.go:402.16,404.3 1 0
github.com/0xPolygon/heimdall-v2/app/vote_ext_utils.go:406.2,406.133 1 1
github.com/0xPolygon/heimdall-v2/app/vote_ext_utils.go:406.133,408.3 1 0
github.com/0xPolygon/heimdall-v2/app/vote_ext_utils.go:411.2,411.90 1 1
github.com/0xPolygon/heimdall-v2/app/vote_ext_utils.go:411.90,413.3 1 0
github.com/0xPolygon/heimdall-v2/app/vote_ext_utils.go:415.2,415.12 1 1
github.com/0xPolygon/heimdall-v2/app/vote_ext_utils.go:426.9,429.16 2 1
github.com/0xPolygon/heimdall-v2/app/vote_ext_utils.go:429.16,431.3 1 0
github.com/0xPolygon/heimdall-v2/app/vote_ext_utils.go:433.2,433.38 1 1
github.com/0xPolygon/heimdall-v2/app/vote_ext_utils.go:433.38,436.3 1 1
github.com/0xPolygon/heimdall-v2/app/vote_ext_utils.go:439.2,439.120 1 0
github.com/0xPolygon/heimdall-v2/app/vote_ext_utils.go:439.120,441.3 1 0
github.com/0xPolygon/heimdall-v2/app/vote_ext_utils.go:443.2,443.12 1 0
github.com/0xPolygon/heimdall-v2/app/vote_ext_utils.go:447.138,450.16 2 1
github.com/0xPolygon/heimdall-v2/app/vote_ext_utils.go:450.16,452.3 1 0
github.com/0xPolygon/heimdall-v2/app/vote_ext_utils.go:454.2,456.35 2 1
github.com/0xPolygon/heimdall-v2/app/vote_ext_utils.go:456.35,458.53 1 1
github.com/0xPolygon/heimdall-v2/app/vote_ext_utils.go:458.53,459.12 1 0
github.com/0xPolygon/heimdall-v2/app/vote_ext_utils.go:462.3,463.17 2 1
github.com/0xPolygon/heimdall-v2/app/vote_ext_utils.go:463.17,465.4 1 0
github.com/0xPolygon/heimdall-v2/app/vote_ext_utils.go:467.3,468.23 2 1
github.com/0xPolygon/heimdall-v2/app/vote_ext_utils.go:468.23,470.4 1 0
github.com/0xPolygon/heimdall-v2/app/vote_ext_utils.go:472.3,473.17 2 1
github.com/0xPolygon/heimdall-v2/app/vote_ext_utils.go:473.17,475.4 1 0
github.com/0xPolygon/heimdall-v2/app/vote_ext_utils.go:477.3,477.88 1 1
github.com/0xPolygon/heimdall-v2/app/vote_ext_utils.go:477.88,479.4 1 0
github.com/0xPolygon/heimdall-v2/app/vote_ext_utils.go:482.2,482.12 1 1
github.com/0xPolygon/heimdall-v2/app/vote_ext_utils.go:486.162,489.16 2 1
github.com/0xPolygon/heimdall-v2/app/vote_ext_utils.go:489.16,491.3 1 0
github.com/0xPolygon/heimdall-v2/app/vote_ext_utils.go:493.2,498.35 4 1
github.com/0xPolygon/heimdall-v2/app/vote_ext_utils.go:498.35,500.53 1 1
github.com/0xPolygon/heimdall-v2/app/vote_ext_utils.go:500.53,501.12 1 0
github.com/0xPolygon/heimdall-v2/app/vote_ext_utils.go:504.3,506.44 3 1
github.com/0xPolygon/heimdall-v2/app/vote_ext_utils.go:506.44,508.4 1 1
github.com/0xPolygon/heimdall-v2/app/vote_ext_utils.go:510.3,511.17 2 1
github.com/0xPolygon/heimdall-v2/app/vote_ext_utils.go:511.17,513.4 1 0
github.com/0xPolygon/heimdall-v2/app/vote_ext_utils.go:515.3,516.23 2 1
github.com/0xPolygon/heimdall-v2/app/vote_ext_utils.go:516.23,518.4 1 0
github.com/0xPolygon/heimdall-v2/app/vote_ext_utils.go:520.3,520.51 1 1
github.com/0xPolygon/heimdall-v2/app/vote_ext_utils.go:523.2,523.32 1 1
github.com/0xPolygon/heimdall-v2/app/vote_ext_utils.go:523.32,525.3 1 0
github.com/0xPolygon/heimdall-v2/app/vote_ext_utils.go:527.2,529.51 3 1
github.com/0xPolygon/heimdall-v2/app/vote_ext_utils.go:529.51,530.35 1 1
github.com/0xPolygon/heimdall-v2/app/vote_ext_utils.go:530.35,533.4 2 1
github.com/0xPolygon/heimdall-v2/app/vote_ext_utils.go:536.2,536.32 1 1
github.com/0xPolygon/heimdall-v2/app/vote_ext_utils.go:540.200,542.16 2 0
github.com/0xPolygon/heimdall-v2/app/vote_ext_utils.go:542.16,544.3 1 0
github.com/0xPolygon/heimdall-v2/app/vote_ext_utils.go:546.2,547.16 2 0
github.com/0xPolygon/heimdall-v2/app/vote_ext_utils.go:547.16,549.3 1 0
github.com/0xPolygon/heimdall-v2/app/vote_ext_utils.go:551.2,554.16 3 0
github.com/0xPolygon/heimdall-v2/app/vote_ext_utils.go:554.16,556.3 1 0
github.com/0xPolygon/heimdall-v2/app/vote_ext_utils.go:558.2,565.16 2 0
github.com/0xPolygon/heimdall-v2/app/vote_ext_utils.go:565.16,567.3 1 0
github.com/0xPolygon/heimdall-v2/app/vote_ext_utils.go:569.2,569.14 1 0
github.com/0xPolygon/heimdall-v2/app/vote_ext_utils.go:569.14,571.3 1 0
github.com/0xPolygon/heimdall-v2/app/vote_ext_utils.go:573.2,573.12 1 0
github.com/0xPolygon/heimdall-v2/app/vote_ext_utils.go:577.118,580.16 2 1
github.com/0xPolygon/heimdall-v2/app/vote_ext_utils.go:580.16,582.3 1 0
github.com/0xPolygon/heimdall-v2/app/vote_ext_utils.go:583.2,583.39 1 1
github.com/0xPolygon/heimdall-v2/app/vote_ext_utils.go:583.39,585.3 1 0
github.com/0xPolygon/heimdall-v2/app/vote_ext_utils.go:586.2,586.27 1 1
github.com/0xPolygon/heimdall-v2/app/vote_ext_utils.go:590.87,592.16 2 1
github.com/0xPolygon/heimdall-v2/app/vote_ext_utils.go:592.16,594.3 1 0
github.com/0xPolygon/heimdall-v2/app/vote_ext_utils.go:596.2,597.16 2 1
github.com/0xPolygon/heimdall-v2/app/vote_ext_utils.go:597.16,599.3 1 0
github.com/0xPolygon/heimdall-v2/app/vote_ext_utils.go:601.2,601.23 1 1
github.com/0xPolygon/heimdall-v2/app/vote_ext_utils.go:606.102,607.28 1 1
github.com/0xPolygon/heimdall-v2/app/vote_ext_utils.go:607.28,609.17 2 0
github.com/0xPolygon/heimdall-v2/app/vote_ext_utils.go:609.17,611.12 2 0
github.com/0xPolygon/heimdall-v2/app/vote_ext_utils.go:614.3,615.32 2 0
github.com/0xPolygon/heimdall-v2/app/vote_ext_utils.go:615.32,616.44 1 0
github.com/0xPolygon/heimdall-v2/app/vote_ext_utils.go:616.44,618.12 2 0
github.com/0xPolygon/heimdall-v2/app/vote_ext_utils.go:618.12,620.14 2 0
github.com/0xPolygon/heimdall-v2/app/vote_ext_utils.go:623.5,625.42 2 0
github.com/0xPolygon/heimdall-v2/app/vote_ext_utils.go:625.42,628.6 2 0
github.com/0xPolygon/heimdall-v2/app/vote_ext_utils.go:633.2,633.11 1 1
github.com/0xPolygon/heimdall-v2/app/vote_ext_utils.go:637.127,641.35 2 0
github.com/0xPolygon/heimdall-v2/app/vote_ext_utils.go:641.35,642.54 1 0
github.com/0xPolygon/heimdall-v2/app/vote_ext_utils.go:642.54,647.4 1 0
github.com/0xPolygon/heimdall-v2/app/vote_ext_utils.go:649.2,649.15 1 0
github.com/0xPolygon/heimdall-v2/app/vote_ext_utils.go:658.53,664.2 5 0
